.file-chooser {
  padding: 10px;
}

button {
  background: #5851ff;
  color: white;
  margin: 8px;
  border: none;
  font-size: 13px;
  font-weight: 700;
  text-transform: uppercase;
  padding: 16px 20px;
  border-radius: 2px;
  -webkit-box-shadow: 0 8px 16px rgba(0, 0, 0, 0.1), 0 3px 6px rgba(0, 0, 0, 0.08);
  box-shadow: 0 8px 16px rgba(0, 0, 0, 0.1), 0 3px 6px rgba(0, 0, 0, 0.08);
  outline: 0;
  letter-spacing: 0.04em;
  -webkit-transition: all 0.15s ease;
  transition: all 0.15s ease;
  cursor: pointer;
}

.play-pause-btn {
  background: transparent;
  max-width: 30px;
  margin: 0px;
  padding: 0px;
  -webkit-box-shadow: 0 0 0 0;
  box-shadow: 0 0 0 0;
}
.play-pause-btn img {
  width: 100%;
}

button:hover {
  -webkit-box-shadow: 0 3px 6px rgba(0, 0, 0, 0.1), 0 1px 3px rgba(0, 0, 0, 0.1);
  box-shadow: 0 3px 6px rgba(0, 0, 0, 0.1), 0 1px 3px rgba(0, 0, 0, 0.1);
  -webkit-transform: translateY(1px);
  transform: translateY(1px);
}
div#drag-drop-area {
  position: relative;
  margin-bottom: 15px;
}

h6.water-mark {
  position: absolute;
  top: 50%;
  left: 37%;
  display: block !important;
  font-weight: normal;
  font-size: 1.15em !important;
  margin-bottom: 5px !important;
}
#image-list {
  width: 100%;
  max-height: 15%;
  padding-bottom: 6px;
}
#image-list img {
  width: 50px;
  height: 50px;
  padding: 5px;
}
#myProgress {
  width: 100%;
  background-color: #ddd;
}

#myBar {
  width: 1%;
  height: 30px;
  background-color: #4caf50;
}
.progress-footer {
  display: -webkit-inline-box;
  display: -ms-inline-flexbox;
  display: inline-flex;
  text-align: center;
}
.progress-footer span {
  margin: auto;
  text-align: center;
  padding-left: 8px;
  font-size: 15px;
}
.progress-list {
  padding: 7px;
  background: #f1f1f1;
  margin-bottom: 8px;
}