/* .file-chooser {
  padding: 10px;
}

button {
  background: #5851ff;
  color: white;
  margin: 8px;
  border: none;
  font-size: 13px;
  font-weight: 700;
  text-transform: uppercase;
  padding: 16px 20px;
  border-radius: 2px;
  box-shadow: 0 8px 16px rgba(0, 0, 0, 0.1), 0 3px 6px rgba(0, 0, 0, 0.08);
  outline: 0;
  letter-spacing: 0.04em;
  transition: all 0.15s ease;
  cursor: pointer;
}

.play-pause-btn {
  background: transparent;
  max-width: 30px;
  margin: 0px;
  padding: 0px;
  box-shadow: 0 0 0 0;
}
.play-pause-btn img {
  width: 100%;
}

button:hover {
  box-shadow: 0 3px 6px rgba(0, 0, 0, 0.1), 0 1px 3px rgba(0, 0, 0, 0.1);
  transform: translateY(1px);
}
div#drag-drop-area {
  width: 150px;
  height: 150px;
  background: #4caf50;
  position: relative;
  margin-bottom: 15px;
}

h6.water-mark {
  position: absolute;
  top: 50%;
  left: 37%;
  display: block !important;
  font-weight: normal;
  font-size: 1.15em !important;
  margin-bottom: 5px !important;
}
#image-list {
  width: 100%;
  max-height: 15%;
  padding-bottom: 6px;
}
#image-list img {
  width: 50px;
  height: 50px;
  padding: 5px;
}
#myProgress {
  width: 100%;
  background-color: #ddd;
}

#myProgress div {
  width: 1%;
  height: 2px;
  background-color: #4caf50;
}
.progress-footer {
  display: inline-flex;
  text-align: center;
  padding-top: 5px;
}
.progress-footer span {
  margin: auto;
  text-align: center;
  padding-left: 8px;
  font-size: 15px;
}
.progress-list {
  padding: 7px;
  background: #f1f1f1;
  margin-bottom: 8px;
}
.file-name{
  padding: 7px;
  padding-left: 0px;
  color: #7421da;
} */
body {
  font-family: "Montserrat", sans-serif;
  padding: 0;
  margin: 0px;
  -webkit-font-smoothing: antialiased;
}

/*****************************************
 design styles
******************************************/

.st_row {
  display: -webkit-box;
  display: -ms-flexbox;
  display: flex;
  -ms-flex-wrap: wrap;
  flex-wrap: wrap;
}
.st_container {
  width: 100%;
  margin: auto;
  max-width: 1170px;
}
.st_w_100 {
  width: 100%;
}
.st_wid_100 {
  -webkit-box-flex: 0;
  -ms-flex: 0 0 100%;
  flex: 0 0 100%;
  max-width: 100%;
}
.st_wid_20 {
  -webkit-box-flex: 0;
  -ms-flex: 0 0 20%;
  flex: 0 0 20%;
  max-width: 20%;
}

.st_content_align_center {
  display: -webkit-box;
  display: -ms-flexbox;
  display: flex;
  -webkit-box-orient: vertical;
  -webkit-box-direction: normal;
  -ms-flex-direction: column;
  flex-direction: column;
  -ms-flex-wrap: wrap;
  flex-wrap: wrap;
  -ms-flex-line-pack: center;
  align-content: center;
  -webkit-box-align: center;
  -ms-flex-align: center;
  align-items: center;
  -webkit-box-pack: center;
  -ms-flex-pack: center;
  justify-content: center;
  height: 100%;
}
.st_top_50 {
  padding-top: 50px;
  width: 31%;
  margin: 15px auto;
  padding: 26px;
}
.dashed-border {
  border: 2px dashed #cac3c3;
}
.st_text-center {
  text-align: center;
}
.st_file-upload {
  position: relative;
  display: inline-block;
  margin-top: 1rem;
}

.st_file-upload__label {
  color: #fff;
  background-color: #007bff;
  padding: 1em 2em;
  color: #fff;
  border-radius: 2em;
  -webkit-transition: background 0.3s;
  transition: background 0.3s;
}
.st_file-upload__label:hover {
  cursor: pointer;
  background: #000;
}

.st_file-upload__input {
  position: absolute;
  left: 0;
  top: 0;
  right: 0;
  bottom: 0;
  font-size: 1;
  width: 0;
  height: 100%;
  opacity: 0;
}
.st_scb-drop-area {
  height: 80px;
  width: 80px;
  border: 3px solid #c7cfd7;
  border-radius: 50%;
  display: -webkit-box;
  display: -ms-flexbox;
  display: flex;
  -webkit-box-align: center;
  -ms-flex-align: center;
  align-items: center;
  -webkit-box-pack: center;
  -ms-flex-pack: center;
  justify-content: center;
  position: relative;
  margin: auto;
}
.st_scb-drop-area:before {
  content: "";
  position: absolute;
  left: 50%;
  top: 50%;
  display: block;
  border-radius: 50%;
  border: 1px solid #c7cfd7;
  width: 80px;
  height: 80px;
  margin-left: -41px;
  margin-top: -41px;
  -webkit-animation: 1s ease-in infinite beforeWave;
  animation: 1s ease-in infinite beforeWave;
}
.st_scb-drop-area img {
  height: 63%;
}
@-webkit-keyframes beforeWave {
  0% {
    -webkit-transform: scale(1);
    transform: scale(1);
    opacity: 0.4;
  }
  20% {
    -webkit-transform: scale(1.1);
    transform: scale(1.1);
    opacity: 0.6;
  }
  40% {
    -webkit-transform: scale(1.2);
    transform: scale(1.2);
    opacity: 0.8;
  }
  60% {
    -webkit-transform: scale(1.3);
    transform: scale(1.3);
    opacity: 0.9;
  }
  75% {
    -webkit-transform: scale(1.4);
    transform: scale(1.4);
    opacity: 0;
  }
  60% {
    -webkit-transform: scale(1.5);
    transform: scale(1.5);
    opacity: 0;
  }
  60% {
    -webkit-transform: scale(1.6);
    transform: scale(1.6);
    opacity: 0;
  }
  100% {
    -webkit-transform: scale(1);
    transform: scale(1);
    opacity: 0;
  }
}
@keyframes beforeWave {
  0% {
    -webkit-transform: scale(1);
    transform: scale(1);
    opacity: 0.4;
  }
  20% {
    -webkit-transform: scale(1.1);
    transform: scale(1.1);
    opacity: 0.6;
  }
  40% {
    -webkit-transform: scale(1.2);
    transform: scale(1.2);
    opacity: 0.8;
  }
  60% {
    -webkit-transform: scale(1.3);
    transform: scale(1.3);
    opacity: 0.9;
  }
  75% {
    -webkit-transform: scale(1.4);
    transform: scale(1.4);
    opacity: 0;
  }
  60% {
    -webkit-transform: scale(1.5);
    transform: scale(1.5);
    opacity: 0;
  }
  60% {
    -webkit-transform: scale(1.6);
    transform: scale(1.6);
    opacity: 0;
  }
  100% {
    -webkit-transform: scale(1);
    transform: scale(1);
    opacity: 0;
  }
}
.st_file_icon {
  margin-bottom: 20px;
}
.st_scb-fi-default-label p {
  font-weight: normal;
  color: #797979;
}
.st_file_contain st_text-center {
  width: 33%;
  margin: auto;
  border: 4px dashed #eee;
  padding: 49px 20px;
}
p.error_one {
  color: #f6183d;
  font-weight: normal;
  font-size: 12px;
  width: 100%;
}
.st_scb-fi-default-error {
  border-top: 2px solid #eee;
  margin-top: 35px !important;
}
.st_file-upload input[type=file] {
  height: 50px !important;
  width: 100% !important;
  background: red;
  top: -16px;
  border-radius: 46px;
}