.app-profile {
  padding: 10px;
}

.file-chooser {
  padding: 10px;
}

button {
  background: #5851ff;
  color: white;
  margin: 8px;
  border: none;
  font-size: 13px;
  font-weight: 700;
  text-transform: uppercase;
  padding: 16px 20px;
  border-radius: 2px;
  -webkit-box-shadow: 0 8px 16px rgba(0, 0, 0, 0.1), 0 3px 6px rgba(0, 0, 0, 0.08);
  box-shadow: 0 8px 16px rgba(0, 0, 0, 0.1), 0 3px 6px rgba(0, 0, 0, 0.08);
  outline: 0;
  letter-spacing: 0.04em;
  -webkit-transition: all 0.15s ease;
  transition: all 0.15s ease;
  cursor: pointer;
}

.play-pause-btn {
  background: transparent;
  max-width: 30px;
  margin: 0px;
  padding: 0px;
  -webkit-box-shadow: 0 0 0 0;
  box-shadow: 0 0 0 0;
}
.play-pause-btn img {
  width: 100%;
}

button:hover {
  -webkit-box-shadow: 0 3px 6px rgba(0, 0, 0, 0.1), 0 1px 3px rgba(0, 0, 0, 0.1);
  box-shadow: 0 3px 6px rgba(0, 0, 0, 0.1), 0 1px 3px rgba(0, 0, 0, 0.1);
  -webkit-transform: translateY(1px);
  transform: translateY(1px);
}
div#drag-drop-area {
  position: relative;
  margin-bottom: 15px;
}

h6.water-mark {
  position: absolute;
  top: 50%;
  left: 37%;
  display: block !important;
  font-weight: normal;
  font-size: 1.15em !important;
  margin-bottom: 5px !important;
}
#image-list {
  width: 100%;
  max-height: 15%;
  padding-bottom: 6px;
}
#image-list img {
  width: 50px;
  height: 50px;
  padding: 5px;
}
#myProgress {
  width: 100%;
  background-color: #ddd;
}

#myProgress div {
  width: 1%;
  height: 2px;
  background-color: #4caf50;
}
.progress-footer {
  display: -webkit-inline-box;
  display: -ms-inline-flexbox;
  display: inline-flex;
  text-align: center;
  padding-top: 5px;
}
.progress-footer span {
  margin: auto;
  text-align: center;
  padding-left: 8px;
  font-size: 15px;
}
.progress-list {
  padding: 7px;
  background: #f1f1f1;
  margin-bottom: 8px;
}
.file-name {
  padding: 7px;
  padding-left: 0px;
  color: #7421da;
}
body {
  font-family: "Montserrat", sans-serif;
  font-weight: bold;
  padding: 0;
  margin: 0px;
  -webkit-font-smoothing: antialiased;
}

/*****************************************
 design styles
******************************************/

.st_row {
  display: -webkit-box;
  display: -ms-flexbox;
  display: flex;
  -ms-flex-wrap: wrap;
  flex-wrap: wrap;
}
.st_container {
  width: 100%;
  margin: auto;
  max-width: 1170px;
}
.st_w_100 {
  width: 100%;
}
.st_wid_100 {
  -webkit-box-flex: 0;
  -ms-flex: 0 0 100%;
  flex: 0 0 100%;
  max-width: 100%;
}
.st_wid_20 {
  -webkit-box-flex: 0;
  -ms-flex: 0 0 20%;
  flex: 0 0 20%;
  max-width: 100%;
  padding: 15px;
  -webkit-box-sizing: border-box;
  box-sizing: border-box;
}
.st_wid_70 {
  -webkit-box-flex: 0;
  -ms-flex: 0 0 70%;
  flex: 0 0 70%;
  max-width: 70%;
  -webkit-box-sizing: border-box;
  box-sizing: border-box;
}
.st_wid_55{
  -webkit-box-flex: 0;
  -ms-flex: 0 0 55%;
  flex: 0 0 55%;
  max-width: 55%;
  -webkit-box-sizing: border-box;
  box-sizing: border-box;
}
.st_wid_18{
  -webkit-box-flex: 0;
  -ms-flex: 0 0 18%;
  flex: 0 0 18%;
  max-width: 18%;
  -webkit-box-sizing: border-box;
  box-sizing: border-box;

}
.st_wid_15 {
  -webkit-box-flex: 0;
  -ms-flex: 0 0 15%;
  flex: 0 0 15%;
  max-width: 15%;
  -webkit-box-sizing: border-box;
  box-sizing: border-box;
}

.st_content_align_center {
  display: -webkit-box;
  display: -ms-flexbox;
  display: flex;
  -webkit-box-orient: vertical;
  -webkit-box-direction: normal;
  -ms-flex-direction: column;
  flex-direction: column;
  -ms-flex-wrap: wrap;
  flex-wrap: wrap;
  -ms-flex-line-pack: center;
  align-content: center;
  -webkit-box-align: center;
  -ms-flex-align: center;
  align-items: center;
  -webkit-box-pack: center;
  -ms-flex-pack: center;
  justify-content: center;
  height: 100%;
}
.st_text-center {
  text-align: center;
}

.st_progress-bar {
  height: 4px;
  width: 100%;
  background: lightgray;
  margin-top: 25px;
}
.st_loaded {
  height: 100%;
  background: #444;
  -webkit-animation: 3s linear infinite loading;
  animation: 3s linear infinite loading;
  -webkit-transform-origin: 0%;
  transform-origin: 0%;
}
.uploaded_images {
  margin-top: 45px;
}
a.st_closeBtn {
  padding-top: 16px;
  display: inline-block;
  cursor: pointer;
}
a.st_closeBtn img {
  width: 20px;
}
.st_image {
  width: 234px;
  border: 1px solid #eee;
  position: relative;
}
.st_image img {
  height: 130px;
  width: 100%;
}

.st_bg {
  background: #f6f6f6;
  padding: 0 10px;
}
.video-play-button {
  position: relative;
  z-index: 10;
  top: 50%;
  left: 20px;
  -webkit-transform: translateX(-50%) translateY(-50%);
  transform: translateX(-50%) translateY(-50%);
  -webkit-box-sizing: content-box;
  box-sizing: content-box;
  display: block;
  width: 32px;
  height: 44px;
  /* background: #fa183d; */
  border-radius: 50%;
  padding: 5px;
}
.video-play-button:before {
  content: "";
  position: absolute;
  z-index: 0;
  left: 50%;
  top: 50%;
  -webkit-transform: translateX(-50%) translateY(-50%);
  transform: translateX(-50%) translateY(-50%);
  display: block;
  width: 20px;
  height: 20px;

  background: #ba1f24;
  border-radius: 50%;
  -webkit-animation: pulse-border 1500ms ease-out infinite;
  animation: pulse-border 1500ms ease-out infinite;
}
.video-play-button:after {
  content: "";
  position: absolute;
  z-index: 1;
  left: 50%;
  top: 50%;
  -webkit-transform: translateX(-50%) translateY(-50%);
  transform: translateX(-50%) translateY(-50%);
  display: block;
  width: 20px;
  height: 20px;

  background: #fa183d;
  border-radius: 50%;
  -webkit-transition: all 200ms;
  transition: all 200ms;
}

.video-play-button:hover:after {
  background-color: #da0528;
}
.video-play-button img {
  position: relative;
  z-index: 3;
  max-width: 100%;
  width: auto;
  height: auto;
}
.video-play-button span {
  display: block;
  position: relative;
  z-index: 3;
  width: 0;
  height: 0;
  border-left: 8px solid #fff;
  border-top: 5px solid transparent;
  border-bottom: 5px solid transparent;
  top: 17px;
  left: 14px;
}
@-webkit-keyframes pulse-border {
  0% {
    -webkit-transform: translateX(-50%) translateY(-50%) translateZ(0) scale(1);
    transform: translateX(-50%) translateY(-50%) translateZ(0) scale(1);
    opacity: 1;
  }
  100% {
    -webkit-transform: translateX(-50%) translateY(-50%) translateZ(0)
      scale(1.5);
    transform: translateX(-50%) translateY(-50%) translateZ(0) scale(1.5);
    opacity: 0;
  }
}

@keyframes pulse-border {
  0% {
    -webkit-transform: translateX(-50%) translateY(-50%) translateZ(0) scale(1);
    transform: translateX(-50%) translateY(-50%) translateZ(0) scale(1);
    opacity: 1;
  }
  100% {
    -webkit-transform: translateX(-50%) translateY(-50%) translateZ(0)
      scale(1.5);
    transform: translateX(-50%) translateY(-50%) translateZ(0) scale(1.5);
    opacity: 0;
  }
}
.video-overlay {
  position: fixed;
  z-index: -1;
  top: 0;
  bottom: 0;
  left: 0;
  right: 0;
  background: rgba(0, 0, 0, 0.8);
  opacity: 0;
  -webkit-transition: all ease 500ms;
  transition: all ease 500ms;
}
.video-overlay.open {
  position: fixed;
  z-index: 1000;
  opacity: 1;
}
.video-overlay-close {
  position: absolute;
  z-index: 1000;
  top: 15px;
  right: 20px;
  font-size: 36px;
  line-height: 1;
  font-weight: 400;
  color: #fff;
  text-decoration: none;
  cursor: pointer;
  -webkit-transition: all 200ms;
  transition: all 200ms;
}
.video-overlay-close:hover {
  color: #fa183d;
}
.video-overlay iframe {
  position: absolute;
  top: 50%;
  left: 50%;
  -webkit-transform: translateX(-50%) translateY(-50%);
  transform: translateX(-50%) translateY(-50%);
  /* width: 90%; */
  /* height: auto; */
  -webkit-box-shadow: 0 0 15px rgba(0, 0, 0, 0.75);
  box-shadow: 0 0 15px rgba(0, 0, 0, 0.75);
}

.st_allContent {
  position: relative;
}
.overlay_error {
  position: absolute;
  top: 0;
  height: 100%;
  background: #313030e6;
  width: 100%;
  display: -webkit-box;
  display: -ms-flexbox;
  display: flex;
  -ms-flex-line-pack: center;
  align-content: center;
  -webkit-box-pack: center;
  -ms-flex-pack: center;
  justify-content: center;
  -webkit-box-align: center;
  -ms-flex-align: center;
  align-items: center;
  color: #fff;
  font-size: 14px;
  font-weight: normal;
  padding: 10px;
  -webkit-box-sizing: border-box;
  box-sizing: border-box;
}
.upload-name {
  font-weight: normal;
  margin: 1px;
}
.fnt-14{
  font-size: 14px;
}